<?xml version="1.0" encoding="UTF-8"?>
<testsuite xmlns:xsi="http://www.w3.org/2001/XMLSchema-instance" xsi:noNamespaceSchemaLocation="https://maven.apache.org/surefire/maven-surefire-plugin/xsd/surefire-test-report-3.0.xsd" version="3.0" name="org.fiware.odrl.mapping.OperatorMapperTest" time="0.024" tests="22" errors="0" skipped="0" failures="0">
  <properties>
[...]
</properties>
  <testcase name="test_getType_failure(String, Object, MappingConfiguration)[1]" classname="org.fiware.odrl.mapping.OperatorMapperTest" time="0.004"/>
  <testcase name="test_Operator_false(String, MappingConfiguration)[1]" classname="org.fiware.odrl.mapping.OperatorMapperTest" time="0.001"/>
  <testcase name="test_Operator_false(String, MappingConfiguration)[2]" classname="org.fiware.odrl.mapping.OperatorMapperTest" time="0.0"/>
  <testcase name="test_Operator_false(String, MappingConfiguration)[3]" classname="org.fiware.odrl.mapping.OperatorMapperTest" time="0.0"/>
  <testcase name="test_Operator_false(String, MappingConfiguration)[4]" classname="org.fiware.odrl.mapping.OperatorMapperTest" time="0.0"/>
  <testcase name="test_getOperatorKey_success(Map, MappingConfiguration, String)[1]" classname="org.fiware.odrl.mapping.OperatorMapperTest" time="0.001"/>
  <testcase name="test_getOperatorKey_success(Map, MappingConfiguration, String)[2]" classname="org.fiware.odrl.mapping.OperatorMapperTest" time="0.001"/>
  <testcase name="test_getOperatorKey_success(Map, MappingConfiguration, String)[3]" classname="org.fiware.odrl.mapping.OperatorMapperTest" time="0.001"/>
  <testcase name="test_getOperatorKey_failure(Map, MappingConfiguration)[1]" classname="org.fiware.odrl.mapping.OperatorMapperTest" time="0.001"/>
  <testcase name="test_getOperatorKey_failure(Map, MappingConfiguration)[2]" classname="org.fiware.odrl.mapping.OperatorMapperTest" time="0.001"/>
  <testcase name="test_getOperatorKey_failure(Map, MappingConfiguration)[3]" classname="org.fiware.odrl.mapping.OperatorMapperTest" time="0.0"/>
  <testcase name="test_getType_success(String, Object, MappingConfiguration, String)[1]" classname="org.fiware.odrl.mapping.OperatorMapperTest" time="0.0"/>
  <testcase name="test_getType_success(String, Object, MappingConfiguration, String)[2]" classname="org.fiware.odrl.mapping.OperatorMapperTest" time="0.001"/>
  <testcase name="test_getType_success(String, Object, MappingConfiguration, String)[3]" classname="org.fiware.odrl.mapping.OperatorMapperTest" time="0.0"/>
  <testcase name="test_getType_success(String, Object, MappingConfiguration, String)[4]" classname="org.fiware.odrl.mapping.OperatorMapperTest" time="0.0"/>
  <testcase name="test_getType_success(String, Object, MappingConfiguration, String)[5]" classname="org.fiware.odrl.mapping.OperatorMapperTest" time="0.001"/>
  <testcase name="test_getType_success(String, Object, MappingConfiguration, String)[6]" classname="org.fiware.odrl.mapping.OperatorMapperTest" time="0.0"/>
  <testcase name="test_getType_success(String, Object, MappingConfiguration, String)[7]" classname="org.fiware.odrl.mapping.OperatorMapperTest" time="0.001"/>
  <testcase name="test_isOperator_true(String, MappingConfiguration)[1]" classname="org.fiware.odrl.mapping.OperatorMapperTest" time="0.0"/>
  <testcase name="test_isOperator_true(String, MappingConfiguration)[2]" classname="org.fiware.odrl.mapping.OperatorMapperTest" time="0.001"/>
  <testcase name="test_isOperator_true(String, MappingConfiguration)[3]" classname="org.fiware.odrl.mapping.OperatorMapperTest" time="0.0"/>
  <testcase name="test_isOperator_true(String, MappingConfiguration)[4]" classname="org.fiware.odrl.mapping.OperatorMapperTest" time="0.0"/>
</testsuite>